<?xml version="1.0" encoding="UTF-8"?>
<!-- Generated by org.testng.reporters.JUnitXMLReporter -->
<testsuite ignored="0" hostname="INLEN8520086893" failures="0" tests="5" name="Default test" time="45.941" errors="0" timestamp="2023-03-02T12:51:14 IST">
  <testcase classname="PageFactory.SearchTest" name="verification1" time="11.096"/>
  <testcase classname="PageFactory.SearchTest" name="verification2" time="7.676"/>
  <testcase classname="PageFactory.SearchTest" name="verification3" time="8.938"/>
  <testcase classname="PageFactory.SearchTest" name="verification4" time="10.447"/>
  <testcase classname="PageFactory.SearchTest" name="verification5" time="7.728"/>
</testsuite> <!-- Default test -->
